<?xml version="1.0" encoding="UTF-8"?>
<testng-results skipped="0" failed="0" total="1" passed="1">
  <reporter-output>
  </reporter-output>
  <suite name="Default suite" duration-ms="56871" started-at="2018-06-01T18:14:26Z" finished-at="2018-06-01T18:15:23Z">
    <groups>
    </groups>
    <test name="Default test" duration-ms="56871" started-at="2018-06-01T18:14:26Z" finished-at="2018-06-01T18:15:23Z">
      <class name="com.lsc.selenium.num1.Login">
        <test-method status="PASS" signature="beforeClass()[pri:0, instance:com.lsc.selenium.num1.Login@5c7668ba]" name="beforeClass" is-config="true" duration-ms="718" started-at="2018-06-02T02:14:26Z" finished-at="2018-06-02T02:14:27Z">
          <reporter-output>
          </reporter-output>
        </test-method> <!-- beforeClass -->
        <test-method status="PASS" signature="f()[pri:0, instance:com.lsc.selenium.num1.Login@5c7668ba]" name="f" duration-ms="55922" started-at="2018-06-02T02:14:27Z" finished-at="2018-06-02T02:15:23Z">
          <reporter-output>
          </reporter-output>
        </test-method> <!-- f -->
        <test-method status="PASS" signature="afterClass()[pri:0, instance:com.lsc.selenium.num1.Login@5c7668ba]" name="afterClass" is-config="true" duration-ms="0" started-at="2018-06-02T02:15:23Z" finished-at="2018-06-02T02:15:23Z">
          <reporter-output>
          </reporter-output>
        </test-method> <!-- afterClass -->
      </class> <!-- com.lsc.selenium.num1.Login -->
    </test> <!-- Default test -->
  </suite> <!-- Default suite -->
</testng-results>
